<?xml version="1.0" encoding="UTF-8"?>
<Site BuildName="(empty)"
	BuildStamp="20250305-1814-Experimental"
	Name="Martina-ThinkPad-X1-Yoga"
	Generator="ctest-3.22.1"
	CompilerName="/usr/bin/g++"
	CompilerVersion="11.4.0"
	OSName="Linux"
	Hostname="Martina-ThinkPad-X1-Yoga"
	OSRelease="6.8.0-52-generic"
	OSVersion="#53~22.04.1-Ubuntu SMP PREEMPT_DYNAMIC Wed Jan 15 19:18:46 UTC 2"
	OSPlatform="x86_64"
	Is64Bits="1"
	VendorString="GenuineIntel"
	VendorID="Intel Corporation"
	FamilyID="6"
	ModelID="78"
	ProcessorCacheSize="4096"
	NumberOfLogicalCPU="4"
	NumberOfPhysicalCPU="2"
	TotalVirtualMemory="0"
	TotalPhysicalMemory="15849"
	LogicalProcessorsPerPhysical="2"
	ProcessorClockFrequency="899.988"
	>
	<Testing>
		<StartDateTime>Mar 05 19:14 CET</StartDateTime>
		<StartTestTime>1741198446</StartTestTime>
		<TestList/>
		<EndDateTime>Mar 05 19:14 CET</EndDateTime>
		<EndTestTime>1741198446</EndTestTime>
		<ElapsedMinutes>0</ElapsedMinutes>
	</Testing>
</Site>
